CONFIG
+-- data
|   `-- _target_: pinnstorch.data.PINNDataModule                                                                                             
|                                                                                                                                            
+-- model
|   `-- _target_: pinnstorch.models.PINNModule                                                                                               
|       _partial_: true                                                                                                                      
|       loss_fn: sse                                                                                                                         
|       jit_compile: false                                                                                                                   
|       amp: false                                                                                                                           
|       lazy: false                                                                                                                          
|       cudagraph_compile: true                                                                                                              
|       inline: false                                                                                                                        
|       optimizer:                                                                                                                           
|         _target_: torch.optim.Adam                                                                                                         
|         _partial_: true                                                                                                                    
|         lr: 0.001                                                                                                                          
|         weight_decay: 0.0                                                                                                                  
|         capturable: true                                                                                                                   
|       scaler:                                                                                                                              
|         _target_: torch.cuda.amp.GradScaler                                                                                                
|       extra_variables:                                                                                                                     
|         l1: 0.0                                                                                                                            
|         l2: 0.0                                                                                                                            
|                                                                                                                                            
+-- callbacks
|   `-- model_checkpoint:                                                                                                                    
|         _target_: lightning.pytorch.callbacks.ModelCheckpoint                                                                              
|         dirpath: E:\PINN_class_and_code\examples\navier_stokes\outputs\15-46-30/checkpoints                                                
|         filename: epoch_{epoch:03d}_{val/loss}                                                                                             
|         monitor: val/loss                                                                                                                  
|         verbose: null                                                                                                                      
|         save_last: true                                                                                                                    
|         save_top_k: 1                                                                                                                      
|         mode: min                                                                                                                          
|         auto_insert_metric_name: false                                                                                                     
|         save_weights_only: false                                                                                                           
|         every_n_train_steps: null                                                                                                          
|         train_time_interval: null                                                                                                          
|         every_n_epochs: null                                                                                                               
|         save_on_train_epoch_end: null                                                                                                      
|       model_summary:                                                                                                                       
|         _target_: lightning.pytorch.callbacks.RichModelSummary                                                                             
|         max_depth: -1                                                                                                                      
|       rich_progress_bar:                                                                                                                   
|         _target_: lightning.pytorch.callbacks.RichProgressBar                                                                              
|                                                                                                                                            
+-- logger
|   `-- csv:                                                                                                                                 
|         _target_: lightning.pytorch.loggers.csv_logs.CSVLogger                                                                             
|         save_dir: E:\PINN_class_and_code\examples\navier_stokes\outputs\15-46-30                                                           
|         name: csv/                                                                                                                         
|         prefix: ''                                                                                                                         
|                                                                                                                                            
+-- trainer
|   `-- _target_: lightning.pytorch.trainer.Trainer                                                                                          
|       default_root_dir: E:\PINN_class_and_code\examples\navier_stokes\outputs\15-46-30                                                     
|       min_epochs: 1                                                                                                                        
|       max_epochs: 250000                                                                                                                   
|       accelerator: gpu                                                                                                                     
|       devices:                                                                                                                             
|       - 0                                                                                                                                  
|       enable_progress_bar: true                                                                                                            
|       check_val_every_n_epoch: 250001                                                                                                      
|       inference_mode: false                                                                                                                
|       log_every_n_steps: 1                                                                                                                 
|       deterministic: false                                                                                                                 
|                                                                                                                                            
+-- paths
|   `-- root_dir: .                                                                                                                          
|       data_dir: ./data/                                                                                                                    
|       rk_dir: ./data/irk_weights                                                                                                           
|       log_dir: ./logs/                                                                                                                     
|       output_dir: E:\PINN_class_and_code\examples\navier_stokes\outputs\15-46-30                                                           
|       work_dir: E:\PINN_class_and_code                                                                                                     
|                                                                                                                                            
+-- extras
|   `-- ignore_warnings: false                                                                                                               
|       enforce_tags: true                                                                                                                   
|       print_config: true                                                                                                                   
|                                                                                                                                            
+-- task_name
|   `-- navier_stokes                                                                                                                        
+-- tags
|   `-- ['dev']                                                                                                                              
+-- train
|   `-- True                                                                                                                                 
+-- test
|   `-- False                                                                                                                                
+-- ckpt_path
|   `-- None                                                                                                                                 
+-- seed
|   `-- 1234                                                                                                                                 
+-- net
|   `-- _target_: pinnstorch.models.FCN                                                                                                      
|       _partial_: true                                                                                                                      
|       layers:                                                                                                                              
|       - 3                                                                                                                                  
|       - 20                                                                                                                                 
|       - 20                                                                                                                                 
|       - 20                                                                                                                                 
|       - 20                                                                                                                                 
|       - 20                                                                                                                                 
|       - 20                                                                                                                                 
|       - 20                                                                                                                                 
|       - 20                                                                                                                                 
|       - 2                                                                                                                                  
|       output_names:                                                                                                                        
|       - psi                                                                                                                                
|       - p                                                                                                                                  
|                                                                                                                                            
+-- n_train
|   `-- 5000                                                                                                                                 
+-- mesh
|   `-- _target_: pinnstorch.data.PointCloud                                                                                                 
|       root_dir: ./data/                                                                                                                    
|       read_data_fn: ???                                                                                                                    
|                                                                                                                                            
+-- train_datasets
|   `-- [{'mesh_sampler': {'_target_': 'pinnstorch.data.MeshSampler', '_partial_': True, 'num_sample': '${n_train}', 'solution': ['u', 'v'], 
+-- val_dataset
|   `-- [{'mesh_sampler': {'_target_': 'pinnstorch.data.MeshSampler', '_partial_': True, 'solution': ['u', 'v', 'p']}}]                      
+-- pred_dataset
|   `-- [{'mesh_sampler': {'_target_': 'pinnstorch.data.MeshSampler', '_partial_': True, 'idx_t': 100, 'solution': ['u', 'v', 'p']}}]        
+-- val
|   `-- True                                                                                                                                 
+-- optimized_metric
|   `-- error:                                                                                                                               
|       - u                                                                                                                                  
|       - v                                                                                                                                  
|       - p                                                                                                                                  
|       extra_variables:                                                                                                                     
|       - l1                                                                                                                                 
|       - l2                                                                                                                                 
|                                                                                                                                            
`-- plotting
    `-- _target_: pinnstorch.utils.plot_navier_stokes                                                                                        
        _partial_: true                                                                                                                      
                                                                                                                                             
