[2026-03-27 15:46:31,099][pinnstorch.utils.utils][INFO] - Enforcing tags! <cfg.extras.enforce_tags=True>
[2026-03-27 15:46:31,119][pinnstorch.utils.utils][INFO] - Printing config tree with Rich! <cfg.extras.print_config=True>
[2026-03-27 15:46:31,285][pinnstorch.utils.utils][INFO] - Model will be compiled.
[2026-03-27 15:46:31,285][pinnstorch.utils.utils][INFO] - Setting optimizer capturable attribute to True.
[2026-03-27 15:46:31,286][pinnstorch.utils.utils][INFO] - Disabling automatic optimization.
[2026-03-27 15:46:31,358][pinnstorch.train][INFO] - Instantiating mesh <pinnstorch.data.PointCloud>
[2026-03-27 15:47:01,333][pinnstorch.utils.utils][INFO] - File downloaded successfully.
[2026-03-27 15:47:01,487][pinnstorch.train][INFO] - Instantiating training dataset number 1: <pinnstorch.data.MeshSampler>
[2026-03-27 15:47:01,650][pinnstorch.train][INFO] - Instantiating validation dataset number 1: <pinnstorch.data.MeshSampler>
[2026-03-27 15:47:01,701][pinnstorch.train][INFO] - Instantiating prediction dataset number 1: <pinnstorch.data.MeshSampler>
[2026-03-27 15:47:01,703][pinnstorch.train][INFO] - Instantiating datamodule <pinnstorch.data.PINNDataModule>
[2026-03-27 15:47:01,707][pinnstorch.train][INFO] - Instantiating neural net <pinnstorch.models.FCN>
[2026-03-27 15:47:01,714][pinnstorch.train][INFO] - Instantiating model <pinnstorch.models.PINNModule>
[2026-03-27 15:47:01,743][pinnstorch.train][INFO] - Instantiating callbacks...
[2026-03-27 15:47:01,744][pinnstorch.utils.instantiators][INFO] - Instantiating callback <lightning.pytorch.callbacks.ModelCheckpoint>
[2026-03-27 15:47:01,750][pinnstorch.utils.instantiators][INFO] - Instantiating callback <lightning.pytorch.callbacks.RichModelSummary>
[2026-03-27 15:47:01,752][pinnstorch.utils.instantiators][INFO] - Instantiating callback <lightning.pytorch.callbacks.RichProgressBar>
[2026-03-27 15:47:01,752][pinnstorch.train][INFO] - Instantiating loggers...
[2026-03-27 15:47:01,753][pinnstorch.utils.instantiators][INFO] - Instantiating logger <lightning.pytorch.loggers.csv_logs.CSVLogger>
[2026-03-27 15:47:01,756][pinnstorch.train][INFO] - Instantiating trainer <lightning.pytorch.trainer.Trainer>
[2026-03-27 15:47:01,787][pinnstorch.train][INFO] - Logging hyperparameters!
[2026-03-27 15:47:01,810][pinnstorch.train][INFO] - Starting training!
[2026-03-27 18:47:21,389][pinnstorch.train][INFO] - Elapsed time: 10819.579512357712
[2026-03-27 18:47:21,411][pinnstorch.train][INFO] - Median time for each batch: 0.03470289707183838
[2026-03-27 18:47:21,412][pinnstorch.train][INFO] - Starting validation!
[2026-03-27 18:47:24,787][pinnstorch.train][INFO] - Plotting the results
[2026-03-27 18:47:26,879][pinnstorch.utils.plotting][INFO] - Image saved at E:\PINN_class_and_code\examples\navier_stokes\outputs\15-46-30/fig
[2026-03-27 18:47:26,880][pinnstorch.utils.utils][INFO] - Output dir: E:\PINN_class_and_code\examples\navier_stokes\outputs\15-46-30
[2026-03-27 18:47:26,881][pinnstorch.utils.utils][INFO] - Retrieved metric value! <val/error_u=0.007230182643979788>
[2026-03-27 18:47:26,881][pinnstorch.utils.utils][INFO] - Retrieved metric value! <val/error_v=0.020612556487321854>
[2026-03-27 18:47:26,881][pinnstorch.utils.utils][INFO] - Retrieved metric value! <val/error_p=11.992621421813965>
[2026-03-27 18:47:26,882][pinnstorch.utils.utils][INFO] - Retrieved metric value! <l1=0.9983837008476257>
[2026-03-27 18:47:26,883][pinnstorch.utils.utils][INFO] - Retrieved metric value! <l2=0.010561002418398857>
